#Lon Lat Depth mrr mtt mff mrt mrf mtf Exponent_(dyn-cm) X_position Y_position ID Mechanism_type
147.63 18.06 16.3 5.31 -0.172 -5.14 0.793 4.69 2.14 23 147.63 18.06 C202006010015A R
140.37 30.62 12.0 -3.07 -0.292 3.36 -0.639 1.2 -0.247 23 140.37 30.62 C202006011031A N
236.19 -55.8 24.3 -0.127 2.58 -2.45 0.599 0.393 3.58 23 236.19 -55.8 C202006011439A SS
153.76 48.67 176.9 -0.093 0.01 0.083 1.04 3.27 -0.261 23 153.76 48.67 C202006011600A N
84.92 -41.74 20.1 -0.418 2.91 -2.49 0.036 0.971 -0.272 23 84.92 -41.74 C202006011849A SS
167.37 -15.05 120.5 2.1 0.256 -2.35 0.155 -0.513 -0.324 23 167.37 -15.05 C202006011857A R
274.25 -41.39 12.0 -1.55 2.11 -0.554 1.13 -2.11 -4.87 23 274.25 -41.39 C202006020107B SS-N
169.37 -19.05 265.8 3.27 -4.57 1.29 4.26 -3.79 -1.74 23 169.37 -19.05 C202006020204A R-SS
67.84 -20.32 13.5 -0.69 2.3 -1.61 0.368 0.523 -1.26 23 67.84 -20.32 C202006020444A SS
144.38 37.54 13.1 -2.54 0.261 2.28 -0.773 0.419 1.73 23 144.38 37.54 C202006021541A N
126.35 26.85 16.5 -0.545 0.44 0.105 -0.313 0.038 1.23 23 126.35 26.85 C202006021602A SS-N
262.36 10.46 19.3 1.31 -0.448 -0.862 -0.974 0.215 -1.91 23 262.36 10.46 C202006030321A R-SS
291.56 -23.22 108.6 -1.55 0.123 1.43 0.428 -0.833 -0.816 26 291.56 -23.22 C202006030735A N
183.57 -24.67 118.6 0.201 -1.44 1.24 0.62 0.905 -0.144 25 183.57 -24.67 C202006030931A SS-R
116.77 -6.99 654.5 -2.51 2.43 0.076 -3.67 -3.87 1.01 24 116.77 -6.99 B202006031554A N
140.64 36.44 55.1 1.62 -0.19 -1.43 0.323 0.977 -0.842 23 140.64 36.44 C202006032031A R
315.15 13.47 14.9 -3.12 0.141 2.98 -0.854 0.172 -0.185 23 315.15 13.47 C202006032118A N
95.29 5.79 22.5 -0.122 -1.65 1.77 -0.547 -0.297 0.651 23 95.29 5.79 C202006032230A SS
185.05 -14.64 26.2 -1.25 2.81 -1.56 0.507 0.696 3.74 23 185.05 -14.64 C202006032340A SS
242.57 35.6 15.0 -0.243 -2.42 2.66 -0.548 -0.498 1.05 24 242.57 35.6 C202006040132A SS
128.15 2.98 121.3 1.31 4.61 -5.92 2.91 2.89 2.49 25 128.15 2.98 C202006040849A SS-R
126.27 1.35 30.8 4.73 0.118 -4.85 0.928 1.12 -0.473 23 126.27 1.35 C202006041312A R
318.61 31.09 14.0 -1.83 0.355 1.48 0.408 -0.269 0.426 23 318.61 31.09 C202006041554A N
184.75 -22.37 54.7 -1.39 0.08 1.31 -0.421 -0.57 0.391 24 184.75 -22.37 C202006050619A N
325.87 7.25 14.1 -0.531 0.428 0.103 0.2 -0.118 -4.76 23 325.87 7.25 C202006051326A SS
121 12.87 22.8 1.18 5.9 -7.07 -3.85 -1 -1.74 23 121.0 12.87 C202006051338A SS-R
206.75 56.08 36.6 2.67 -3.41 0.743 0.776 1.61 -0.724 23 206.75 56.08 C202006051347A R-SS
356.22 81.31 12.0 -3.44 -0.751 4.19 -0.161 -0.748 0.546 23 356.22 81.31 C202006051626A N
38.71 38.23 14.5 -2.34 -2.16 4.5 3.27 -2.75 2.55 23 38.71 38.23 C202006051806A SS-N
332.13 45.3 12.0 -3.03 0.165 2.86 0.277 0.127 0.473 23 332.13 45.3 C202006052122A N
161.83 54.08 23.1 -0.079 1.88 -1.8 -0.737 1.21 -0.399 23 161.83 54.08 C202006052127A SS-N
346.44 -7.47 12.5 -2.38 0.277 2.1 -0.173 -0.521 0.419 23 346.44 -7.47 C202006060503A N
180.45 -22.2 583.1 3.92 0.77 -4.69 5.61 -5.5 -3.47 23 180.45 -22.2 B202006060722A R-SS
335.09 -57.83 36.5 3.62 0.87 -4.49 -1.33 1.23 0.991 23 335.09 -57.83 C202006060805A R
177.21 -16.53 14.4 0.448 -0.275 -0.174 0.387 -0.72 4.46 24 177.21 -16.53 C202006061055A SS
96.79 1.71 21.8 3.38 -0.695 -2.68 1.65 -2.62 0.817 23 96.79 1.71 C202006062350B R
177.27 -16.51 18.6 0.923 -3.71 2.78 0.229 0.01 2.54 23 177.27 -16.51 C202006070342B SS
283 -4.01 119.1 -1.78 0.076 1.7 -0.104 0.317 -0.14 24 283.0 -4.01 C202006071031A N
126.69 9.2 27.1 3.07 0.314 -3.39 -0.074 2.86 0.696 23 126.69 9.2 C202006071409A R
166.08 -10.49 20.5 -0.698 3.03 -2.34 -0.145 2.79 -3.72 24 166.08 -10.49 C202006071437A SS-N
166.04 -10.52 20.1 -0.887 2.79 -1.9 0.004 1.74 -4.42 24 166.04 -10.52 C202006071443A SS
47.88 12.63 15.2 -0.234 0.966 -0.732 -0.242 0.34 0.42 24 47.88 12.63 C202006071512A SS-N
151.62 -5.53 55.1 6.58 -7.54 0.95 1.16 -1.82 -2.52 24 151.62 -5.53 C202006072006A R
124.2 -0.37 86.8 -0.748 1.62 -0.871 3.49 1.27 1.64 23 124.2 -0.37 C202006080234A N
242.25 38.26 12.0 -0.187 -1.81 2 0.219 0.524 1.6 23 242.25 38.26 C202006080324A SS
268.76 13.05 21.6 2.2 -1.58 -0.625 1.74 -1.04 0.55 23 268.76 13.05 C202006080605A R
181.82 -17.94 555.0 -5.29 -0.517 5.81 -0.238 -5.79 0.394 23 181.82 -17.94 B202006081903A N
279.62 -44.79 21.0 -0.344 1.49 -1.14 -0.186 0.494 -3.17 23 279.62 -44.79 C202006081932B SS
279.73 -44.84 27.1 -0.535 1.45 -0.913 -0.131 0.831 -3.02 23 279.73 -44.84 C202006081949A SS
126.34 -4.15 23.0 -0.367 -3.67 4.03 0.979 0.325 2.59 24 126.34 -4.15 C202006090456A SS
53.35 27.57 12.0 1.65 -1.76 0.114 0.098 -0.326 0.199 24 53.35 27.57 C202006091608A R
53.36 27.52 12.0 3.86 -3.6 -0.259 1.53 -0.365 1.52 24 53.36 27.52 C202006091718A R
59.51 7.31 12.8 -1.58 -0.272 1.85 0.804 -0.294 -0.563 23 59.51 7.31 C202006100111A N-SS
179.19 -23.54 561.6 -2.13 2.01 0.115 4.12 -0.704 -7.77 24 179.19 -23.54 C202006100429A SS-N
100.86 -2.63 52.3 -3.64 5.08 -1.44 1.02 -3.04 -1.44 23 100.86 -2.63 C202006100435A N-SS
346.69 -15.78 12.0 -6.26 -0.186 6.45 2.42 -2.38 -0.897 24 346.69 -15.78 C202006101958A N
346.69 -15.8 12.0 -1.19 0.097 1.09 0.385 -0.663 -0.157 24 346.69 -15.8 C202006102114A N
151.19 -3.78 14.3 -2.01 1.17 0.838 -0.533 0.434 0.915 23 151.19 -3.78 C202006110040A N
348.24 -6.77 12.0 -0.703 -3.2 3.9 -1.21 -0.606 5.35 23 348.24 -6.77 C202006120053A SS
216.88 -56.33 20.2 -0.63 3.68 -3.05 -0.025 -0.2 2.78 23 216.88 -56.33 C202006120100A SS
41.76 -42.89 12.0 -0.557 1.98 -1.42 0.163 0.577 4.89 24 41.76 -42.89 C202006120253A SS
167.66 -44.38 21.3 0.856 1.27 -2.13 0.093 -1.6 -0.802 23 167.66 -44.38 C202006120729A R-SS
186.35 -16.33 112.9 1.25 -3.49 2.24 -1.95 -2.94 -1.38 23 186.35 -16.33 C202006121909A R-SS
186.55 -21.14 14.4 2.43 -0.444 -1.99 0.746 0.584 -0.573 23 186.55 -21.14 C202006130607A R
117.91 -8.96 13.1 4.04 -1.88 -2.16 -2.78 -0.177 -2.44 23 117.91 -8.96 C202006130915A R-SS
181.75 51.17 35.6 3.48 -3.19 -0.288 2.11 1.82 -1.63 23 181.75 51.17 C202006131143A R
171.33 -22.3 107.7 1.8 -0.151 -1.65 1.01 1.76 2.62 23 171.33 -22.3 C202006131424A R-SS
128.38 28.79 170.9 -0.705 -0.06 0.765 -0.424 -0.787 -0.548 26 128.38 28.79 C202006131551A N-SS
69.05 -23.33 31.2 -3.15 1.01 2.14 -0.583 0.173 -0.712 24 69.05 -23.33 C202006131848A N
122.37 24.24 50.7 0.84 0.644 -1.48 0.691 0.094 -0.095 24 122.37 24.24 C202006132018A R-SS
145 18.89 593.4 -2.76 1.49 1.26 -0.398 0.315 -1.38 25 145.0 18.89 C202006132108A N
53.29 27.48 15.0 5.45 -5.46 0.009 2.61 -0.654 1.55 23 53.29 27.48 C202006132204A R
124.26 -9.16 42.0 -1.17 0.511 0.657 2.91 2.8 0.054 23 124.26 -9.16 C202006140335A N
128.17 2.8 134.1 2.72 0.672 -3.39 1 1.09 0.654 23 128.17 2.8 C202006141325A R-SS
40.68 39.33 12.0 0.945 0.813 -1.76 -0.774 0.78 -8.39 24 40.68 39.33 C202006141424A SS
69.53 -23.68 12.0 0.617 2.65 -3.27 -0.225 1.65 -1.18 23 69.53 -23.68 C202006141602A SS-N
123.29 24.77 12.0 -0.733 1.05 -0.319 -1.15 -0.318 1.66 23 123.29 24.77 C202006141728A SS-N
53.42 27.54 12.0 6.63 -6.38 -0.246 2.27 0.166 1.52 23 53.42 27.54 C202006141806A R
123.11 24.88 12.0 -2.6 2.68 -0.078 1.77 0.628 0.117 23 123.11 24.88 C202006141815A N
123.3 24.84 15.2 -1.86 3.49 -1.63 -3.26 1.8 8.06 22 123.3 24.84 C202006141837A SS-N
123.14 24.83 12.0 -5.77 5.93 -0.162 3.17 2.23 0.305 23 123.14 24.83 C202006141926A N
158.08 49.07 43.3 2.12 5.85 -7.97 -2.46 -0.23 -1.59 23 158.08 49.07 C202006142123A SS-R
212.34 -57.72 12.0 -0.419 3 -2.58 -0.556 -0.299 1.69 23 212.34 -57.72 C202006142214A SS
123.12 24.8 12.4 -2.28 2.21 0.067 0.598 0.604 -0.163 23 123.12 24.8 C202006142226A N
121.8 7.78 33.5 -0.079 5.05 -4.97 -0.846 1.2 -0.994 23 121.8 7.78 C202006142229A SS
123.21 24.77 12.1 -1.92 1.74 0.177 -0.052 -0.234 0.03 23 123.21 24.77 C202006150114A N
123.13 24.84 18.4 -1.69 1.48 0.207 0.781 0.249 -0.075 23 123.13 24.84 C202006150232A N
123.19 24.82 14.6 -3.2 3.15 0.048 0.927 0.474 0.018 23 123.19 24.82 C202006150301A N
155.95 -9.64 19.7 -2.41 -0.482 2.89 -5.3 3.52 5.12 23 155.95 -9.64 C202006150407B SS-N
156.05 -9.53 12.2 -3.02 1.8 1.22 -0.75 0.613 2.68 23 156.05 -9.53 C202006150409A N-SS
128.07 1.37 128.8 1 -0.344 -0.658 0.164 0.33 -0.631 24 128.07 1.37 C202006150415A R
40.68 39.33 17.0 0.18 -0.28 0.099 -0.382 0.342 -2.37 24 40.68 39.33 C202006150651A SS
123.19 24.92 19.3 -1.78 1.4 0.378 1.26 0.311 0.06 23 123.19 24.92 C202006150918A N
268.79 -41.19 12.0 -3.05 -0.043 3.09 0.7 -0.561 -0.203 23 268.79 -41.19 C202006151031A N
156.05 -9.56 12.0 -6.61 3.44 3.17 -2.62 0.663 5.04 23 156.05 -9.56 C202006151037A N
232.95 43.33 13.6 -0.559 -1.32 1.88 -0.08 -0.159 -1.5 23 232.95 43.33 C202006151113A SS
123.24 24.86 12.0 -5.26 6.75 -1.5 3.45 0.791 2.23 23 123.24 24.86 C202006151347A N
201.06 -62.54 12.0 -0.352 3.55 -3.2 -0.368 0.846 1.47 23 201.06 -62.54 C202006151422A SS
123.05 24.86 12.0 -2.18 1.93 0.249 1.33 1.08 -0.117 23 123.05 24.86 C202006151547A N
177.81 -37.94 49.7 1.99 0.393 -2.38 0.129 2.71 -1.88 23 177.81 -37.94 C202006151729A R-SS
122.16 -2.68 12.0 -0.33 1.53 -1.2 1.37 2.37 1.03 23 122.16 -2.68 C202006152336A N
72.11 37.77 139.6 1.03 -0.495 -0.536 -3.74 -2.15 -1 24 72.11 37.77 C202006160130A R
252.92 -6.18 15.4 0.065 0.376 -0.441 1.44 -0.514 3.44 23 252.92 -6.18 C202006160533A SS-N
102.56 22.42 20.6 0.297 -0.832 0.535 -0.774 0.163 -1.29 23 102.56 22.42 C202006160612A SS-R
167.64 -17.31 13.3 3.24 0.324 -3.56 0.987 -1.23 0.824 23 167.64 -17.31 C202006160830A R
70.9 36.56 225.7 1.87 -1.45 -0.418 1.76 1.69 -0.301 23 70.9 36.56 C202006160921A R
123.36 24.86 21.0 -1.86 1.76 0.097 0.276 -0.433 -0.151 23 123.36 24.86 C202006161334A N
71.66 -26.37 12.0 -2.1 0.979 1.12 -0.004 0.316 -0.736 23 71.66 -26.37 C202006161419A N
34.64 27.13 12.0 -0.207 -1.1 1.3 0.106 -0.004 -0.334 24 34.64 27.13 C202006161430A SS
335.81 -57.48 38.1 2.92 -3.55 0.632 -1.85 0.98 -0.366 23 335.81 -57.48 C202006170305A R-SS
185.12 -16.12 293.0 -3.63 1.94 1.68 0.549 -2.07 -1.5 24 185.12 -16.12 B202006170624A N
330.77 40.87 14.1 -1.35 0.277 1.07 0.76 -0.075 0.248 23 330.77 40.87 C202006171229A N
233.71 41.86 24.0 -0.273 -1.56 1.83 -0.052 0.169 0.001 23 233.71 41.86 C202006172108A SS
161.4 53.74 55.8 1.76 -0.849 -0.911 0.574 0.748 -1.08 23 161.4 53.74 C202006172215A R
186.59 -21.02 13.8 3.27 -0.743 -2.53 1.57 1.04 -0.757 23 186.59 -21.02 C202006181143A R
182.45 -33.39 37.1 -0.358 -0.986 1.34 -0.668 -0.29 -0.676 27 182.45 -33.39 C202006181249A SS-N
123.31 24.85 12.5 -6.11 7.12 -1 1.77 0.443 -1.73 23 123.31 24.85 C202006190026A N
181.63 -33.66 12.0 1.49 0.099 -1.58 0.25 1.25 -0.469 24 181.63 -33.66 C202006190038A R
181.01 51.13 31.8 5.21 -5.19 -0.013 3.61 3.26 -2.21 23 181.01 51.13 C202006190259A R
181.03 51.03 34.9 6.62 -6.57 -0.04 4.75 3.34 -2.67 23 181.03 51.03 C202006190308A R
25.6 34.17 13.7 3.55 -3.82 0.27 1.66 1.11 2.01 23 25.6 34.17 C202006190743A R-SS
181.15 -17.5 553.0 -0.391 3.39 -3 2.22 -1.07 -0.213 24 181.15 -17.5 B202006191007A SS-R
181.83 -33.38 16.4 3.91 -0.132 -3.77 0.956 4.36 -1.21 23 181.83 -33.38 C202006191710A R
142.65 12.46 121.2 -1.46 1.77 -0.317 -0.859 -0.38 -0.392 23 142.65 12.46 C202006192148A N-SS
187.45 -16.07 19.9 1.18 -0.037 -1.14 0.387 0.855 -0.22 24 187.45 -16.07 C202006200157A R
123.5 23.44 30.9 1.87 -1.58 -0.29 0.723 0.207 -0.858 23 123.5 23.44 C202006200305A R
187.46 -15.89 22.8 3.16 -1.19 -1.97 1.45 1.2 -1.43 23 187.46 -15.89 C202006200444A R
182.37 -33.53 21.0 -2.45 0.506 1.94 0.367 -0.154 0.418 23 182.37 -33.53 C202006201051A N
144.76 17.51 12.4 -3.92 0.02 3.9 0.118 0.393 0.627 23 144.76 17.51 C202006201157A N
253.97 18.08 17.1 -0.767 -0.376 1.14 0.215 1.36 -3.24 23 253.97 18.08 C202006201159A SS-N
341.48 66.29 12.0 -0.178 -0.592 0.77 0.464 -0.268 -1.56 24 341.48 66.29 C202006201505A SS
164.6 -10.73 12.0 2.46 0.182 -2.64 0.938 -4.69 7.64 23 164.6 -10.73 C202006201536A SS-R
156.07 -9.53 12.0 -0.858 0.435 0.422 -0.212 0.14 0.656 24 156.07 -9.53 C202006201545A N
253.95 18.06 24.8 -0.278 -0.825 1.1 0.075 1.07 -2.24 23 253.95 18.06 C202006201813A SS-N
341.46 66.26 12.0 -0.526 -1.68 2.2 0.773 -0.904 -4.77 24 341.46 66.26 C202006201926A SS
334.31 -60.04 37.8 2.39 2.5 -4.89 -2.04 1.08 -1.44 23 334.31 -60.04 C202006202304A SS-R
182.16 -33.61 20.6 -2.81 0.786 2.03 0.635 0.43 0.755 23 182.16 -33.61 C202006202328A N
123.73 23.38 33.2 1.49 -1.44 -0.051 1.24 0.799 -1.2 23 123.73 23.38 C202006210424A R
176.63 -16.56 18.7 -0.493 -0.474 0.967 0.124 -0.598 5.2 23 176.63 -16.56 C202006210613A SS
272.88 11.3 30.2 1.29 -0.866 -0.423 0.757 -0.703 0.774 24 272.88 11.3 C202006210858A R
138.18 9.7 18.7 3.63 -2.3 -1.33 3.45 0.117 -5.78 23 138.18 9.7 C202006210958A R-SS
93.23 23.89 33.8 -0.079 -2.77 2.85 0.088 -1.73 0.96 23 93.23 23.89 C202006211046A SS-R
182.6 -31.42 21.5 2.81 -0.591 -2.22 0.818 1.65 -0.668 23 182.6 -31.42 C202006211152A R
341.28 66.46 12.0 -1.25 0.013 1.23 0.199 -0.177 0.039 25 341.28 66.46 C202006211907A N
110.96 -9.1 70.7 -4.68 8.78 -4.1 4.65 -1.08 0.07 23 110.96 -9.1 C202006211933A N-SS
341.15 66.79 17.2 -2.58 0.298 2.29 5.09 1.15 0.462 23 341.15 66.79 C202006211946A N
93.26 23.1 19.9 0.013 1.69 -1.7 1.36 0.074 3.11 24 93.26 23.1 C202006212240A SS
120.12 17.23 13.2 -3.5 3.73 -0.224 -0.526 -2.65 -0.74 23 120.12 17.23 C202006220802A N-SS
325.82 -60.65 19.4 -1.97 1.42 0.548 0.624 0.346 2.03 23 325.82 -60.65 C202006220827A N
148.13 -3.02 12.0 -0.078 0.58 -0.502 0.238 0.159 0.875 24 148.13 -3.02 C202006220951A SS
78.09 -39.21 12.0 -1.36 -4.97 6.33 -0.397 0.27 -4.62 23 78.09 -39.21 C202006221006A SS
278.23 -6.13 12.2 -1.2 -4.44 5.64 -3.84 -0.471 -2.22 23 278.23 -6.13 C202006221308A SS-N
247.99 -23.12 12.0 -3.79 1.96 1.83 -2.69 -2.34 -1.32 23 247.99 -23.12 C202006221323A N-SS
344.47 -44.84 28.9 -3.85 1.47 2.38 0.733 2.69 -2.13 23 344.47 -44.84 C202006221329B N-SS
182.26 -33.72 12.0 -1.51 0.3 1.21 -0.164 -0.089 0.438 24 182.26 -33.72 C202006221429A N
181.76 -33.14 19.2 5.03 -0.256 -4.78 1.27 4.35 -1.11 23 181.76 -33.14 C202006221811A R
242.09 36.48 20.0 -1.48 -0.262 1.75 0.837 -0.595 0.697 23 242.09 36.48 C202006230025B N-SS
264.16 15.82 26.0 2.14 -2.55 0.413 1.96 -1.34 0.513 23 264.16 15.82 C202006230117A R
123.71 0.02 98.1 0.62 -0.841 0.221 1.05 0.475 -0.044 25 123.71 0.02 C202006230743A R
263.93 16.02 21.5 0.696 -0.704 0.008 1.09 -0.644 0.17 27 263.93 16.02 C202006231529A R
263.62 15.77 12.0 1.08 -1.17 0.084 1.04 -0.669 0.257 24 263.62 15.77 C202006240233A R
153.39 -5.89 21.3 2.46 -1.46 -1 1.69 -1.05 0.721 23 153.39 -5.89 C202006241214A R
325.64 56.66 12.0 -1.54 0.198 1.35 0.307 0.805 -0.399 23 325.64 56.66 C202006241458A N
282.29 -1.78 175.1 -3.98 0.09 3.89 2.42 -4.81 -2.45 23 282.29 -1.78 C202006241538A N
242.06 36.46 17.6 -4.42 -3.22 7.65 2.39 -1.07 1.05 24 242.06 36.46 C202006241740A N-SS
140.88 35.56 28.3 7.8 -9.45 1.65 -3.08 3.24 -0.47 24 140.88 35.56 C202006241947A R-SS
167.39 -44.56 17.4 2.28 -0.096 -2.19 0.15 -2.05 -1.5 24 167.39 -44.56 C202006242220A R-SS
244.68 44.44 16.7 -0.94 1.14 -0.205 -0.25 0.901 -0.832 23 244.68 44.44 C202006250520A N-SS
70.72 -26.09 12.0 -1.88 0.89 0.995 0.247 0.488 -0.99 24 70.72 -26.09 C202006250608A N
153.48 -5.97 30.0 3.38 -1.88 -1.49 1.01 -0.379 0.61 23 153.48 -5.97 C202006250834A R
188.47 52.06 45.6 1.21 0.019 -1.22 0.102 0.963 0.566 23 188.47 52.06 C202006250924A R
44.03 38.42 17.1 -1.12 -0.494 1.61 0.287 0.005 -0.213 24 44.03 38.42 C202006251003A N
288.18 -32.13 35.0 5.68 1.39 -7.08 2.58 -2.73 -0.716 23 288.18 -32.13 C202006251155A R-SS
247.23 -21.91 18.7 -1.19 1.23 -0.039 -0.195 -0.077 1.6 23 247.23 -21.91 C202006251216A N-SS
264.75 -37.29 12.0 -4.37 -0.613 4.98 0.14 -2.16 -1.62 23 264.75 -37.29 C202006251829A N
264.69 -37.32 12.0 -2.35 -0.053 2.4 -0.242 -0.715 -0.227 23 264.69 -37.32 C202006251843A N
82.32 35.75 16.6 -2.02 -0.462 2.48 2.2 0.18 1.25 23 82.32 35.75 C202006252029A N-SS
82.35 35.71 13.3 -2.66 -0.536 3.2 0.824 0.32 1.05 25 82.35 35.71 C202006252105A N
82.27 35.72 19.5 -1.59 -0.026 1.62 0.548 0.362 1.08 23 82.27 35.72 C202006260130A N
335.14 -56.76 20.0 1.65 -2.96 1.32 -0.413 1.94 -2.45 23 335.14 -56.76 C202006260210A SS-R
27.73 38.77 14.0 -6.46 4.99 1.46 -3.17 1.05 -4.22 23 27.73 38.77 C202006260721A N
121.01 19.16 28.2 0.304 0.18 -0.484 -0.763 -1.45 -0.203 24 121.01 19.16 C202006261154A R
26.52 35.28 19.9 -1.56 -0.452 2.01 -0.856 0.353 1.45 23 26.52 35.28 C202006261936A N-SS
266.53 -38.26 17.5 -3.29 0.444 2.84 2.29 0.75 -0.981 23 266.53 -38.26 C202006262022A N-SS
176.17 -38.49 138.0 1.75 0.299 -2.05 1.76 -1.07 1.6 23 176.17 -38.49 C202006262041A R-SS
120.91 23.11 18.4 -1.81 1.25 0.561 -0.109 -0.593 -1.01 23 120.91 23.11 C202006262327A N
145.87 14.13 46.8 0.94 -2.77 1.83 0.433 1.71 -0.774 23 145.87 14.13 C202006270443A SS-R
182.25 -33.23 21.6 2.08 -0.562 -1.52 -0.079 1.32 -0.284 23 182.25 -33.23 C202006270614A R
333.37 -55.46 12.0 2.77 -1.15 -1.61 -1.96 2.47 1.97 23 333.37 -55.46 C202006270718A R
289.15 -20.19 30.5 3.63 -0.399 -3.23 0.617 -2.38 0.365 23 289.15 -20.19 C202006270752A R
172.35 -63.49 12.0 -0.187 1.26 -1.07 -0.26 0.032 -0.553 24 172.35 -63.49 C202006271457A SS
172.01 -63.53 21.7 -0.156 2.75 -2.59 -1.62 -0.656 -0.877 23 172.01 -63.53 C202006271734A SS-R
182.26 -33.53 18.7 -1.47 0.116 1.36 -1.2 0.534 0.204 23 182.26 -33.53 C202006271829A N-SS
56.78 10.13 12.3 -1.98 1.22 0.762 1.29 0.405 -0.786 23 56.78 10.13 C202006280055A N-SS
129.93 -2.76 23.1 1.53 -1.25 -0.281 0.085 1.06 0.371 23 129.93 -2.76 C202006280213A R-SS
272.82 11.24 32.0 2.28 -1.46 -0.825 1.16 -0.829 1.19 23 272.82 11.24 C202006280233A R
293.07 17.97 19.3 0.134 0.585 -0.719 0.623 -0.892 2.81 23 293.07 17.97 C202006280642A SS
184.26 -18.23 18.6 -0.926 -1.66 2.59 0.465 0.286 0.971 23 184.26 -18.23 C202006280722A SS
313.56 17.59 12.0 -1.95 0.201 1.74 -1.26 -1.2 -0.067 23 313.56 17.59 C202006280732A N
187.53 -19.07 16.8 -2.47 0.515 1.95 -0.314 0.567 0.384 23 187.53 -19.07 C202006281206A N
28.11 36.49 71.3 0.878 -2.16 1.28 0.566 1.02 0.959 24 28.11 36.49 C202006281743A SS-R
277.44 5.16 18.6 -0.06 0.154 -0.093 0.387 -0.198 2.12 23 277.44 5.16 C202006290913A SS
141.75 33.94 13.5 1.07 0.04 -1.11 -0.142 0.571 -0.035 24 141.75 33.94 C202006290952A R
343.69 -41.76 12.0 -3.38 1.38 2 1.36 0.516 -1.72 23 343.69 -41.76 C202006291453A N
343.72 -41.82 18.1 -3.17 1.74 1.43 0.745 0.706 -1.28 23 343.72 -41.82 C202006291505A N
346.35 -11.68 12.0 0.105 -2.29 2.18 -1.93 0.964 4.11 24 346.35 -11.68 C202006291940A SS
271.84 11.43 12.0 -7.29 4.62 2.67 2.48 2.81 -3.28 23 271.84 11.43 C202006292228A N
116.09 6.75 615.2 -0.39 -7.3 7.69 -0.92 -2.61 -0.96 23 116.09 6.75 B202006300158A SS
182.91 -34.05 14.7 -2.28 0.474 1.8 -0.011 0.769 -0.382 23 182.91 -34.05 C202006300544A N
121.53 -8.58 195.2 -2.38 0.408 1.97 2.56 1.14 1.19 23 121.53 -8.58 C202006300627A N
141.81 33.97 17.6 2.07 -0.319 -1.75 -0.887 1.07 0.24 23 141.81 33.97 C202006301256A R
169.05 -19.46 110.4 -1.81 0.229 1.58 -1.68 0.267 1.74 23 169.05 -19.46 C202006302210A N-SS
184.18 -18.19 14.6 0.09 -1.96 1.87 0.117 0.572 -0.396 23 184.18 -18.19 C202006302249A SS
