#Lon Lat Depth mrr mtt mff mrt mrf mtf Exponent_(dyn-cm) X_position Y_position ID Mechanism_type
292.97 -24.01 197.0 -1.45 -0.359 1.81 0.394 -2.74 0.135 23 292.97 -24.01 C202005010101A N
153.11 -4.52 71.3 1.79 -2.58 0.792 -0.419 1.06 1.21 23 153.11 -4.52 C202005010402A R-SS
182.53 -17.37 386.6 -4.27 4.01 0.261 -0.423 0.127 -2.34 23 182.53 -17.37 B202005010455A N
161.97 54.38 43.5 3.84 -0.993 -2.84 1.23 1.27 -1.87 23 161.97 54.38 C202005010704A R
127.17 4.5 88.9 0.361 2.17 -2.53 -0.601 1.47 -1.44 23 127.17 4.5 C202005011348A SS-R
57.06 28.25 15.1 0.522 -0.411 -0.111 4.86 -0.486 0.151 23 57.06 28.25 C202005012028A R
54.14 -35.12 19.7 -0.779 0.766 0.013 0.265 -0.004 1.73 23 54.14 -35.12 C202005020356A SS
293.28 18.05 12.0 -1.75 1.07 0.685 0.121 -0.103 1.05 24 293.28 18.05 C202005021113A N
25.64 34.05 12.0 0.663 -0.744 0.08 0.721 -0.125 -0.027 26 25.64 34.05 C202005021251A R
25.59 34.22 26.1 -0.022 -2.17 2.2 0.474 0.143 -0.597 24 25.59 34.22 C202005021333A SS
25.61 34.11 14.8 0.998 -0.989 -0.009 0.185 0.056 0.384 24 25.61 34.11 C202005021644A R
69.53 -23.95 17.7 -6.25 2.38 3.87 0.933 -0.865 -2.3 23 69.53 -23.95 C202005021812A N
289.39 -15.4 208.2 -3.06 1.91 1.15 1.65 -1.83 -1.44 24 289.39 -15.4 C202005030044A N
121.54 23.19 47.3 7.35 -0.98 -6.37 -1.34 -0.69 -3.12 23 121.54 23.19 C202005030324A R
25.91 34.12 17.7 1.07 -2.33 1.26 0.426 -1.23 1.13 23 25.91 34.12 C202005030554A SS-R
104.61 -6.54 51.5 3.66 -4.14 0.484 1.32 -1.4 1.8 23 104.61 -6.54 C202005030706A R
128.66 31.35 12.0 -0.146 -0.385 0.531 0.5 0.212 1.19 25 128.66 31.35 C202005031154A SS-R
246.44 -22.35 14.3 -0.04 -8.43 8.48 -1.11 -1.51 1.23 23 246.44 -22.35 C202005031335A SS
186.05 -21.82 21.6 3.59 -0.921 -2.67 1.35 1.09 -0.908 23 186.05 -21.82 C202005031525A R
36.23 2.97 13.9 -3.31 -0.769 4.08 1.8 0.144 -0.763 23 36.23 2.97 C202005031936A N-SS
141.96 30.98 12.0 6.04 1.06 -7.1 -0.512 2.64 0.419 23 141.96 30.98 C202005040303A R
140.69 35.6 48.3 2.96 0.032 -2.99 -0.166 2.53 -0.338 24 140.69 35.6 C202005041307A R
121.69 11.23 14.0 -0.256 1.19 -0.929 0.295 -0.287 1.24 23 121.69 11.23 C202005041412A SS
299.24 10.07 24.2 -0.785 2 -1.22 -0.254 1.07 0.984 23 299.24 10.07 C202005042232A SS-N
218.32 -56.89 18.7 -0.089 0.874 -0.785 -0.048 -0.048 0.708 24 218.32 -56.89 C202005050009A SS
185.03 -17.83 281.0 0.238 1.83 -2.07 3.96 -1.32 1.61 23 185.03 -17.83 C202005050804A R
168.43 -20 24.2 2.41 -0.465 -1.94 0.028 -1.06 0.54 23 168.43 -20.0 C202005051012A R
187.05 -15.28 12.0 -0.3 0.491 -0.192 1.61 4.77 -0.383 23 187.05 -15.28 C202005051049A R
268.62 13.19 12.0 1.75 -1.39 -0.358 1.12 -1.42 0.543 24 268.62 13.19 C202005051202A R
246.5 -22.35 12.0 -0.068 -1.45 1.52 -0.526 0.218 0.713 23 246.5 -22.35 C202005051314A SS
140.24 35.58 58.1 4.86 -0.002 -4.86 -3.19 2.55 3.52 23 140.24 35.58 C202005051657A R-SS
187.34 -15 23.5 -0.868 2.18 -1.31 -2.55 0.859 -0.998 24 187.34 -15.0 C202005052320A N
126.38 1.52 50.3 3.42 -0.51 -2.91 -0.431 -0.006 -0.718 23 126.38 1.52 C202005060143A R
127.26 6.65 28.8 2.83 -0.277 -2.55 0.343 1.18 -0.105 23 127.26 6.65 C202005060254A R
288.86 -29.64 67.5 -2.57 1.82 0.751 -1.1 -1.24 1.42 23 288.86 -29.64 C202005060636A N
48.16 33.62 32.7 3.01 -4.73 1.73 0.841 0.73 0.432 23 48.16 33.62 C202005060808A R-SS
73.94 39.69 16.3 1.61 -3.45 1.84 0.506 -1.44 -2.86 23 73.94 39.69 C202005061051A SS-R
129.88 -6.82 113.0 1.48 -1.34 -0.133 0.317 1 1.45 26 129.88 -6.82 C202005061353A R-SS
201.34 -62.74 15.9 -1.63 10.1 -8.47 1.08 -0.33 3.42 23 201.34 -62.74 C202005062329A SS
283.4 -5.67 31.7 0.684 -0.419 -0.265 -0.666 -0.321 0.788 24 283.4 -5.67 C202005070049A R-SS
154.62 -4.51 471.9 -1.07 1.15 -0.077 1.24 -0.638 -0.372 25 154.62 -4.51 C202005071121A N
152.55 -4.22 134.7 -0.389 0.482 -0.093 -0.984 -0.319 -0.222 24 152.55 -4.22 C202005071516A N
52.1 35.75 27.3 0.419 1.99 -2.41 -1.54 -1.17 2.86 23 52.1 35.75 C202005072018A SS-R
142.05 31 13.0 3.04 0.042 -3.09 0.738 0.38 -0.562 23 142.05 31.0 C202005080033A R
330.72 -55.52 12.0 -1.5 0.01 1.49 -0.049 0.528 0.243 24 330.72 -55.52 C202005080114A N
25.47 34.04 30.3 -0.568 -2.12 2.69 0.592 0.095 1.72 23 25.47 34.04 C202005080314A SS
121.64 -49.16 21.1 0.011 -0.881 0.87 -0.512 -0.334 -1.98 23 121.64 -49.16 C202005080357A SS
144.01 12.2 13.9 -6.14 4 2.13 -0.007 2.4 -3.69 23 144.01 12.2 C202005081027A N
67.31 -0.73 12.0 -2.28 1.82 0.458 -0.091 -1.54 -0.974 23 67.31 -0.73 C202005081127A N-SS
76.59 -29.44 20.8 -0.742 1.16 -0.423 0.635 -0.321 2.39 24 76.59 -29.44 C202005082045A SS
291.08 -23.11 106.7 -3.25 0.198 3.05 -0.059 -0.749 -1.3 23 291.08 -23.11 C202005082242A N
129.47 -7.19 160.4 1.94 -3.2 1.27 3.7 2.79 3.35 23 129.47 -7.19 C202005090549A SS-R
65.93 -14.04 18.5 -2.33 0.518 1.82 1.05 0.242 -0.431 23 65.93 -14.04 C202005090856A N
196.46 54.49 73.3 1.43 -1.85 0.418 -1.6 -0.675 -0.714 23 196.46 54.49 C202005091402A R
78.68 40.79 30.5 0.808 -1.36 0.549 0.522 0.605 0.152 24 78.68 40.79 C202005091535A R-SS
120.24 14.16 93.1 -0.266 0.275 -0.009 0.639 -0.869 0.052 24 120.24 14.16 C202005091918A N
164.92 -11.58 13.7 -2.97 1 1.96 -0.262 0.996 -1.54 23 164.92 -11.58 C202005092335A N
232.32 49.32 23.6 -0.643 -1.88 2.53 0.246 -0.137 -2.47 23 232.32 49.32 C202005100446A SS
315.84 27.38 12.0 -1.47 0.523 0.95 1.07 -1.35 0.404 23 315.84 27.38 C202005101258A N
291.89 -22.74 138.6 -0.831 0.325 0.506 0.627 -1.48 -0.625 24 291.89 -22.74 C202005101804A N
244.03 33.39 18.8 0.298 -1.65 1.36 -0.408 0.594 -0.054 23 244.03 33.39 C202005102207A SS-R
141.09 36.31 38.2 5.34 -0.222 -5.11 1.49 4.88 -2.36 24 141.09 36.31 C202005102358A R
129.81 -6.03 16.4 0.004 -4 4 0.039 0.691 -0.148 24 129.81 -6.03 C202005110106A SS
2.74 -54.06 18.1 -0.263 3.29 -3.02 -0.331 -0.348 0.39 23 2.74 -54.06 C202005120218A SS
178.22 -16.19 20.1 -2.28 0.149 2.13 -0.907 -0.357 1.21 23 178.22 -16.19 C202005121213A N
166.42 -12.14 126.3 8.82 -1.67 -7.15 -0.68 -2.12 2.23 25 166.42 -12.14 C202005122241A R
138.9 42.72 217.6 2.88 -2.91 0.032 0.063 -5.24 -2.15 23 138.9 42.72 C202005130556A R-SS
166.27 -10.46 16.8 -0.641 1.8 -1.16 1.17 1.89 -3.3 23 166.27 -10.46 C202005131320A SS-N
183.57 -20.77 256.2 -0.486 0.308 0.177 -0.429 -1.07 0.391 24 183.57 -20.77 C202005132010A N
247.88 -13.43 19.4 -1.23 1.29 -0.058 -0.276 0.109 3.54 23 247.88 -13.43 C202005132315A SS
158.33 51 38.7 1.42 -1.52 0.109 0.816 -0.213 -1.24 23 158.33 51.0 C202005140122A R-SS
257.2 -35.97 15.4 -0.358 -0.737 1.09 0.655 -0.949 -3.95 24 257.2 -35.97 C202005140555A SS
292.7 -24.25 197.2 -1.62 0.54 1.08 -0.708 -2.67 0.689 23 292.7 -24.25 C202005141716A N
182.51 -16.25 13.6 -0.041 -4.4 4.45 0.651 0.69 3.3 23 182.51 -16.25 C202005142029A SS
182.53 -16.24 16.3 0.111 -1.57 1.46 0.47 0.386 1.39 23 182.53 -16.24 C202005142038A SS
242.15 38.21 12.0 -1.35 -2.04 3.39 -1.53 0.201 5.46 25 242.15 38.21 C202005151103A SS
187.3 -15.56 19.4 5.46 0.156 -5.61 0.835 3.85 0.902 24 187.3 -15.56 C202005151449A R
187.26 -15.54 20.5 3.17 -0.051 -3.12 0.693 1.52 0.466 24 187.26 -15.54 C202005151505A R
184.01 -29.85 21.9 -6.38 1.54 4.84 -0.093 -1.97 1.52 23 184.01 -29.85 C202005151518A N
167.87 -16.16 182.1 0.214 -0.039 -0.175 -0.956 0.047 0.335 25 167.87 -16.16 C202005160315A R
242.33 38.24 20.5 -1.4 0.444 0.956 0.132 -0.205 0.69 23 242.33 38.24 C202005161150A N
186.19 -17.51 134.4 -0.354 0.22 0.134 0.105 1.46 -0.816 24 186.19 -17.51 C202005161311A N
190.52 52.08 22.0 2.22 -2.19 -0.033 1.41 0.566 -0.811 23 190.52 52.08 C202005161606A R
190.58 52.07 22.4 2.57 -2 -0.576 1.61 0.878 -1.13 23 190.58 52.07 C202005170526A R
230.1 -54.95 26.6 -0.648 2.12 -1.47 0.765 0.147 1.7 23 230.1 -54.95 C202005170604A SS
179.91 -25.49 477.2 0.333 -0.171 -0.163 0.425 -2.02 0.124 24 179.91 -25.49 B202005171907A R
283.59 19.76 20.5 1.1 -0.995 -0.104 1.21 0.145 0.48 23 283.59 19.76 C202005172047A R
20.06 67.95 12.3 0.889 0.039 -0.928 -0.613 -0.407 -0.151 23 20.06 67.95 C202005180111A R-SS
277.21 7.65 20.5 -0.161 -0.463 0.624 -0.055 0.19 1.49 23 277.21 7.65 C202005180201A SS
45.04 -40.31 23.5 -1.71 1.61 0.102 0.822 -0.162 0.759 23 45.04 -40.31 C202005180222A N
141.67 38.18 47.7 5.06 -0.602 -4.45 1.51 3.84 -1.46 23 141.67 38.18 C202005180300A R
25.61 34.11 14.4 6.15 -7.31 1.15 2.84 0.69 2.55 23 25.61 34.11 C202005180418A R
232.55 40.89 14.0 -3.36 0.217 3.14 -0.149 -1.25 -0.438 23 232.55 40.89 C202005180655A N
232.54 40.96 12.0 -1 0.012 0.991 0.058 -0.489 -0.09 24 232.54 40.96 C202005180702A N
25.52 34.09 19.6 0.961 -2.16 1.2 1.01 -0.437 1.87 23 25.52 34.09 C202005181148A SS
103.23 27.21 19.4 -2.02 2.01 0.016 -0.88 -0.618 -5.52 23 103.23 27.21 C202005181348A SS
137.64 36.35 12.0 0.08 -0.417 0.337 -0.321 0.026 -1.38 23 137.64 36.35 C202005181701A SS
25.59 34.1 19.3 2.13 -5.56 3.43 1.76 -0.347 2.67 24 25.59 34.1 C202005182322A SS
141.37 37.52 49.2 6.35 -1.07 -5.28 2.71 4.87 -2.33 23 141.37 37.52 C202005190317A R
137.59 36.32 12.0 0.541 -3.63 3.09 -2.53 -0.995 -7.81 23 137.59 36.32 C202005190413A SS
137.58 36.4 13.3 0.178 0.305 -0.483 -0.194 -0.546 -1.42 23 137.58 36.4 C202005190523A SS
232.51 40.85 14.4 -2.56 0.35 2.21 -0.014 -0.617 -0.047 23 232.51 40.85 C202005190710A N
282.44 5.84 16.6 2.09 -0.184 -1.9 0.294 -3.96 -0.318 23 282.44 5.84 C202005190719A R
137.7 36.33 12.0 -0.15 -0.516 0.666 0.283 -0.346 -1.49 23 137.7 36.33 C202005190755A SS
129.35 27.94 15.8 0.729 0.29 -1.02 2.37 3.68 0.312 23 129.35 27.94 C202005190945A R
232.61 -55.11 12.0 -1.58 5.42 -3.84 0.86 2.57 6.14 23 232.61 -55.11 C202005191138A SS
25.58 34.15 18.8 0.449 -1.89 1.44 0.419 -0.167 0.871 23 25.58 34.15 C202005191909A SS
25.86 34.37 14.8 0.859 -1.62 0.759 0.48 0.407 -2.23 23 25.86 34.37 C202005200212A SS
273.16 11.45 31.7 2.79 -1.84 -0.946 1.14 -1.29 1.37 23 273.16 11.45 C202005200330A R
293.12 -26.15 18.3 -0.919 3.52 -2.6 1.19 -0.198 0.177 23 293.12 -26.15 C202005201042A SS
242.28 38.24 15.5 -1.11 0.435 0.671 0.857 -0.808 2.45 23 242.28 38.24 C202005201236A SS-N
126.18 5.15 85.8 2.53 0.759 -3.29 -0.81 3.81 -2.31 23 126.18 5.15 C202005201245A R-SS
186.54 -16.02 74.2 2.15 0.298 -2.45 -0.449 -5.35 -3.01 23 186.54 -16.02 C202005201346A R
203.27 54.54 15.2 1.33 -0.961 -0.364 2.09 0.286 -0.658 23 203.27 54.54 C202005201713A R
25.55 34.06 28.7 -0.083 -1.19 1.27 0.254 -0.617 1.27 23 25.55 34.06 C202005201800A SS
167.87 -16.3 182.6 2.05 2.93 -4.98 -5.07 -5.28 1.24 23 167.87 -16.3 C202005202031A R
20.24 34.99 17.2 0.179 -1.21 1.04 0.45 -1.75 -3.68 24 20.24 34.99 C202005202343A SS-R
265.18 15.63 26.2 -0.354 -1.82 2.18 -0.183 -0.216 -1.95 23 265.18 15.63 C202005210428A SS
24.01 -9.36 41.7 -1.85 2.94 -1.09 1.45 -0.081 0.518 23 24.01 -9.36 C202005211257A N
151.76 -6.6 32.5 3.16 -2.63 -0.533 -0.076 0.593 -1.03 23 151.76 -6.6 C202005211523A R
142.84 -2.74 16.9 -2.63 -1.4 4.03 0.976 1.79 1.91 23 142.84 -2.74 C202005211918A N
242.23 38.23 12.0 0.103 -1.05 0.943 -0.198 0.247 1.61 23 242.23 38.23 C202005220022A SS
25.81 34.36 12.2 1.78 -2.74 0.958 0.516 -0.109 -2.05 23 25.81 34.36 C202005220340A SS-R
252.09 22.54 15.0 -0.26 -0.874 1.13 0.092 -0.148 -1.89 25 252.09 22.54 C202005220846A SS
85.65 32.8 21.8 -0.248 -2.34 2.59 0.625 -0.12 1.81 23 85.65 32.8 C202005221345A SS
291.18 -23.16 96.2 -1.25 -1.88 3.13 0.779 -1.28 1.88 23 291.18 -23.16 C202005221459A SS-N
85.64 32.8 23.4 -1.02 -3.05 4.07 1.38 0.216 2.12 23 85.64 32.8 C202005221838A SS-N
154.35 -6.49 31.5 3.86 -2.18 -1.68 1.44 -1.35 1.65 23 154.35 -6.49 C202005221906A R
128.46 27.25 47.4 3.64 -1.52 -2.12 1.18 1.2 -1.82 23 128.46 27.25 C202005221933A R
129.12 -7.22 144.5 0.547 -1.75 1.21 0.361 0.983 0.008 24 129.12 -7.22 C202005230013A SS-R
121.7 15.58 35.2 3.57 0.159 -3.73 2.3 3.67 -1.22 23 121.7 15.58 C202005230210A R
230.2 50.13 14.5 -1.06 -7.54 8.6 -0.07 -1.04 -0.7 23 230.2 50.13 C202005230214A SS
187.36 -15.46 20.6 2.8 0.393 -3.19 1.46 1.47 -0.266 23 187.36 -15.46 C202005230623A R-SS
266.43 14.57 28.1 -1.81 1.41 0.393 -1.09 -0.281 -0.694 23 266.43 14.57 C202005230856A N
290.19 -33.56 130.1 -3.68 0.179 3.5 4.81 -4.29 5.6 23 290.19 -33.56 C202005231310A SS-N
25.52 34.19 16.5 0.672 -0.935 0.263 0.35 0.007 0.596 24 25.52 34.19 C202005232250A R-SS
66.69 -14.95 12.0 -1.83 0.92 0.909 -0.163 0.551 -0.89 24 66.69 -14.95 C202005232302A N
66.78 -15.13 14.5 -2.11 0.995 1.11 -1.6 0.017 -0.824 23 66.78 -15.13 C202005232345A N-SS
66.72 -14.91 12.0 -3.52 1.56 1.96 0.411 1.22 -1.63 23 66.72 -14.91 C202005240028A N
347.97 -47.48 17.0 -0.98 4.1 -3.12 0.928 -2.34 -6.29 24 347.97 -47.48 C202005240252A SS
265.99 14.56 12.0 1.08 -0.599 -0.485 1 -1.29 0.462 24 265.99 14.56 C202005240352A R
50.58 30.31 25.0 3.15 -0.516 -2.63 5.33 -2.84 2.25 23 50.58 30.31 C202005240911A R
140.04 31.56 118.8 -3.42 -0.747 4.17 -1.23 -5.47 -5.05 23 140.04 31.56 C202005240936A N-SS
126.71 6.48 88.3 -2.31 -0.66 2.97 0.321 -0.412 -0.055 23 126.71 6.48 C202005241454A N
343.56 0.12 19.5 -2.42 0.411 2.01 1.37 -0.71 -0.424 23 343.56 0.12 C202005241550A N
174.98 -40.52 25.8 -0.469 1.14 -0.671 3.49 3.89 0.079 24 174.98 -40.52 C202005241953A N
262.77 -36.34 15.2 -0.314 -0.383 0.697 0.374 -0.993 -1.69 23 262.77 -36.34 C202005242110A SS-R
330.99 -55.27 22.6 0.532 -2.65 2.12 -0.892 1.54 2.48 23 330.99 -55.27 C202005242325A SS-R
172.53 -20.55 14.4 -3.39 2.09 1.3 -1.08 0.45 2.99 23 172.53 -20.55 C202005250006A N-SS
93.92 24.41 38.2 0.375 -4.33 3.96 0.498 -3.19 5.83 23 93.92 24.41 C202005251442A SS-R
172.52 -20.52 22.0 -2.04 1.2 0.838 -0.442 0.291 1.79 23 172.52 -20.52 C202005252048A N
144.08 12.42 12.2 -4.21 0.91 3.3 -3.25 1.76 -8.61 23 144.08 12.42 C202005252322A SS-N
175.06 -40.43 47.8 -3.42 2.85 0.565 2.14 0.24 0.799 23 175.06 -40.43 C202005260034A N
171.09 -22.79 18.2 -1.92 -1.15 3.06 -1.94 0.808 0.715 23 171.09 -22.79 C202005260346A N-SS
153.61 46.51 14.4 1.33 -0.483 -0.843 0.173 0.678 -0.827 24 153.61 46.51 C202005260518A R
147.1 14.05 16.1 2.76 -0.025 -2.73 0.916 2.42 -0.077 23 147.1 14.05 C202005260525A R
141.5 34.07 14.0 3.22 -0.811 -2.41 1.88 2.52 -1.5 23 141.5 34.07 C202005260557A R
153.66 46.39 21.3 2.26 -0.51 -1.75 0.022 1.2 -1.07 23 153.66 46.39 C202005260624A R
172.57 -20.55 19.2 -2.06 1.66 0.395 -0.679 0.571 0.912 23 172.57 -20.55 C202005261243A N
167.71 -17.08 12.0 2.21 -0.032 -2.18 0.353 -0.176 -0.971 24 167.71 -17.08 C202005262252A R
167.79 -17.07 14.5 1.2 0.064 -1.27 0.011 0.563 -1.81 23 167.79 -17.07 C202005262312A SS-R
25.61 34.11 17.8 4.72 -5.15 0.432 3.21 0.018 0.764 23 25.61 34.11 C202005270109A R
243.85 -24.62 12.0 -0.431 -1.12 1.55 0.045 0.003 0.525 24 243.85 -24.62 C202005270233A SS
167.67 -17.28 12.0 2.89 0.355 -3.25 0.31 -0.704 0.341 25 167.67 -17.28 C202005270709A R
167.79 -17.12 17.9 1.06 0.077 -1.14 -0.068 0.258 -0.525 24 167.79 -17.12 C202005270805A R
315.15 12.78 19.6 -1.72 -0.05 1.77 0.455 0.048 0.308 23 315.15 12.78 C202005271945A N
69.49 -23.76 12.0 3.28 1.4 -4.67 1.25 -0.586 -2.29 23 69.49 -23.76 C202005272109A R-SS
147.32 -6.27 89.8 -1.4 1.86 -0.457 2.26 0.99 -3.14 23 147.32 -6.27 C202005272306A SS-N
120.19 16.71 87.0 -1.53 5.87 -4.33 -1.59 2.78 3.02 23 120.19 16.71 C202005280517A SS-N
185.93 -22.33 12.0 -0.911 0.389 0.522 0.1 0.375 0.527 25 185.93 -22.33 C202005280718A N
184.63 -27.32 12.0 -6.43 -0.69 7.12 0.036 1.18 0.75 24 184.63 -27.32 C202005280946A N
142.82 -4.1 48.5 3.66 -3.2 -0.461 -1.18 2.08 1.76 23 142.82 -4.1 C202005281220A R
143.27 43.1 117.7 -0.097 -0.543 0.64 -0.483 -1.48 0.116 23 143.27 43.1 C202005282342A N
316.34 28.52 12.0 -3.53 0.422 3.1 -1.39 0.126 0.73 23 316.34 28.52 C202005282347A N
180.76 -21.65 609.9 0.039 0.111 -0.15 -0.331 -1.07 0.394 24 180.76 -21.65 B202005290623A R
268.36 13.51 27.6 -0.11 1.78 -1.67 -0.157 -2.69 2.13 23 268.36 13.51 C202005291004A SS-N
137.62 36.34 12.0 0.85 -1.26 0.41 -0.775 -1.41 -5.56 23 137.62 36.34 C202005291005A SS
167.51 -17.36 13.8 -0.492 0.223 0.269 -0.747 0.328 -0.662 24 167.51 -17.36 C202005291107A N
167.46 -17.32 13.3 1.01 -1.4 0.391 -3.48 1.59 -3.66 23 167.46 -17.32 C202005291613A SS-R
291.04 -27.56 122.6 1.79 0.43 -2.22 -1.39 -0.516 2.68 23 291.04 -27.56 C202005291632A SS-R
181.52 -32.26 53.1 5.32 -0.589 -4.74 -0.14 2.32 -1.53 23 181.52 -32.26 C202005292014A R
152.35 -6.2 12.0 -5.44 5.23 0.215 -1.97 0.151 0.824 23 152.35 -6.2 C202005300306A N
315.03 25.93 12.0 -2.78 0.151 2.63 0.027 -0.14 0.733 24 315.03 25.93 C202005300321A N
315.05 25.97 12.0 -1.23 0.104 1.12 -0.01 0.019 0.219 24 315.05 25.97 C202005300329A N
315.05 25.86 12.0 -2.73 0.064 2.66 -1.14 -0.803 0.667 23 315.05 25.86 C202005300346A N
315.01 25.98 12.0 -7.02 0.85 6.17 0.581 1.91 1.17 23 315.01 25.98 C202005300351A N
280.32 -1.29 98.6 0.585 1.98 -2.57 -0.954 0.267 0.717 23 280.32 -1.29 C202005301240A SS-R
126.66 4.05 41.0 2.84 -0.008 -2.84 0.726 1.61 -1.02 24 126.66 4.05 C202005301306A R
143.65 42.59 98.8 -0.694 0.94 -0.246 2.91 0.4 0.01 24 143.65 42.59 C202005301813A N
320.96 8.25 18.5 -0.139 -0.076 0.215 0.034 0.224 -0.964 24 320.96 8.25 C202005310032A SS
289.16 -15.41 188.8 -0.87 0.885 -0.015 1.48 -1.4 -0.739 25 289.16 -15.41 C202005310509A N
168.23 -15.51 21.0 2.94 -0.317 -2.62 0.447 1.03 -0.179 23 168.23 -15.51 C202005311111A R
171.5 -63.43 15.0 -0.353 3.13 -2.78 -1.82 -2.28 -0.877 23 171.5 -63.43 C202005311954A SS-N
167.74 -17.21 29.2 4.56 -1.12 -3.45 0.031 0.446 0.058 23 167.74 -17.21 C202005312050B R
140.28 36.14 110.4 -0.553 -0.191 0.745 0.489 0.772 0.141 24 140.28 36.14 C202005312102A N
183.55 -23.98 137.5 1.42 -3.33 1.91 0.592 6 -0.161 24 183.55 -23.98 C202005312325A R
